*** Starting uWSGI 2.0.15 (64bit) on [Sun Jun  3 05:39:50 2018] ***
compiled with version: 4.2.1 Compatible Apple LLVM 9.0.0 (clang-900.0.38) on 30 October 2017 23:03:47
os: Darwin-17.5.0 Darwin Kernel Version 17.5.0: Fri Apr 13 19:32:32 PDT 2018; root:xnu-4570.51.2~1/RELEASE_X86_64
nodename: Alita.local
machine: x86_64
clock source: unix
pcre jit disabled
detected number of CPU cores: 8
current working directory: /Users/qiushi/workspace/vainlab.django
detected binary path: /Users/qiushi/packages/anaconda3/bin/uwsgi
chdir() to ~/workspace/vainlab.django/
chdir(): No such file or directory [core/uwsgi.c line 2591]
*** Starting uWSGI 2.0.15 (64bit) on [Sun Jun  3 05:40:30 2018] ***
compiled with version: 4.2.1 Compatible Apple LLVM 9.0.0 (clang-900.0.38) on 30 October 2017 23:03:47
os: Darwin-17.5.0 Darwin Kernel Version 17.5.0: Fri Apr 13 19:32:32 PDT 2018; root:xnu-4570.51.2~1/RELEASE_X86_64
nodename: Alita.local
machine: x86_64
clock source: unix
pcre jit disabled
detected number of CPU cores: 8
current working directory: /Users/qiushi/workspace/vainlab.django
detected binary path: /Users/qiushi/packages/anaconda3/bin/uwsgi
your processes number limit is 1418
your memory page size is 4096 bytes
detected max file descriptor number: 4864
lock engine: OSX spinlocks
thunder lock: disabled (you can enable it with --thunder-lock)
uwsgi socket 0 bound to UNIX address /tmp/uwsgi.sock fd 3
Python version: 3.6.2 |Anaconda custom (64-bit)| (default, Sep 21 2017, 18:31:03)  [GCC 4.2.1 Compatible Clang 4.0.1 (tags/RELEASE_401/final)]
*** Python threads support is disabled. You can enable it with --enable-threads ***
Python main interpreter initialized at 0x7fe9ad802600
your server socket listen backlog is limited to 100 connections
your mercy for graceful operations on workers is 60 seconds
mapped 145504 bytes (142 KB) for 1 cores
*** Operational MODE: single process ***
WSGI app 0 (mountpoint='') ready in 1 seconds on interpreter 0x7fe9ad802600 pid: 8808 (default app)
*** uWSGI is running in multiple interpreter mode ***
spawned uWSGI master process (pid: 8808)
spawned uWSGI worker 1 (pid: 8891, cores: 1)
